<?xml version="1.0" encoding="UTF-8"?>
<!-- Generated by org.testng.reporters.JUnitXMLReporter -->
<testsuite hostname="Lenovo-PC" name="Test" tests="2" failures="0" timestamp="17 Feb 2016 04:28:56 GMT" time="15.936" errors="0">
  <testcase name="@AfterClass tearDown" time="0.0" classname="Tests.RegistrationwithPagefactory">
    <failure type="java.lang.NullPointerException">
      <![CDATA[java.lang.NullPointerException
	at Pages.Common.tearDown(Common.java:28)
... Removed 24 stack frames]]>
    </failure>
  </testcase> <!-- @AfterClass tearDown -->
  <testcase name="@AfterTest Close" time="0.0" classname="Tests.RegistrationwithPagefactory">
    <skipped/>
  </testcase> <!-- @AfterTest Close -->
  <testcase name="testRegisterLink" time="2.718" classname="Tests.RegistrationwithPagefactory"/>
  <testcase name="userRegistration" time="5.429" classname="Tests.RegistrationwithPagefactory"/>
</testsuite> <!-- Test -->
